d:\my-cpp-doc\mycppdoc\debug\mycppdoc.obj
d:\my-cpp-doc\mycppdoc\debug\main.obj
d:\my-cpp-doc\mycppdoc\debug\runtimeevents.obj
d:\my-cpp-doc\mycppdoc\debug\vc141.pdb
d:\my-cpp-doc\mycppdoc\debug\qrc_mycppdoc.obj
d:\my-cpp-doc\mycppdoc\debug\moc_mycppdoc.obj
d:\my-cpp-doc\debug\mycppdoc.ilk
d:\my-cpp-doc\debug\mycppdoc.exe
d:\my-cpp-doc\debug\mycppdoc.pdb
d:\my-cpp-doc\mycppdoc\debug\uic\ui_mycppdoc.h
d:\my-cpp-doc\mycppdoc\debug\rcc\qrc_mycppdoc.cpp
d:\my-cpp-doc\mycppdoc\debug\moc\moc_mycppdoc.cpp
d:\my-cpp-doc\mycppdoc\debug\mycppdoc.res
d:\my-cpp-doc\mycppdoc\debug\mycppdoc.tlog\cl.17464.write.1.tlog
d:\my-cpp-doc\mycppdoc\debug\mycppdoc.tlog\cl.command.1.tlog
d:\my-cpp-doc\mycppdoc\debug\mycppdoc.tlog\cl.read.1.tlog
d:\my-cpp-doc\mycppdoc\debug\mycppdoc.tlog\link.command.1.tlog
d:\my-cpp-doc\mycppdoc\debug\mycppdoc.tlog\link.read.1.tlog
d:\my-cpp-doc\mycppdoc\debug\mycppdoc.tlog\link.write.1.tlog
d:\my-cpp-doc\mycppdoc\debug\mycppdoc.tlog\mycppdoc.write.1u.tlog
d:\my-cpp-doc\mycppdoc\debug\mycppdoc.tlog\rc.command.1.tlog
d:\my-cpp-doc\mycppdoc\debug\mycppdoc.tlog\rc.read.1.tlog
d:\my-cpp-doc\mycppdoc\debug\mycppdoc.tlog\rc.write.1.tlog
